<?xml version="1.0" encoding="UTF-8"?>
<!-- Generated by org.testng.reporters.JUnitXMLReporter -->
<testsuite ignored="0" hostname="Shaheens-iMac.local" failures="1" tests="3" name="Test" time="53.576" errors="0" timestamp="2023-05-06T17:16:06 EDT">
  <testcase classname="Qa.TestCases.loginpageTest" name="CustomerServicePage" time="1.456"/>
  <testcase classname="Qa.TestCases.loginpageTest" name="LauchToHp" time="1.509"/>
  <testcase classname="Qa.TestCases.loginpageTest" name="ClickingOnBestSeller" time="0.138">
    <failure type="org.openqa.selenium.NoSuchElementException" message="Unable to locate element: //a[@href=&amp;apos;/gp/bestsellers/?ref_=nav_cs_bestsellers&amp;apos;]
For documentation on this error, please visit: https://selenium.dev/exceptions/#no_such_element
Build info: version: &amp;apos;4.8.1&amp;apos;, revision: &amp;apos;8ebccac989&amp;apos;
System info: os.name: &amp;apos;Mac OS X&amp;apos;, os.arch: &amp;apos;x86_64&amp;apos;, os.version: &amp;apos;12.2.1&amp;apos;, java.version: &amp;apos;18.0.1.1&amp;apos;
Driver info: org.openqa.selenium.firefox.FirefoxDriver
Command: [7961d3c3-5b37-48a7-8119-694b842bce24, findElement {using=xpath, value=//a[@href=&amp;apos;/gp/bestsellers/?ref_=nav_cs_bestsellers&amp;apos;]}]
Capabilities {acceptInsecureCerts: true, browserName: firefox, browserVersion: 112.0.2, moz:accessibilityChecks: false, moz:buildID: 20230424110519, moz:debuggerAddress: 127.0.0.1:44883, moz:geckodriverVersion: 0.32.0, moz:headless: false, moz:platformVersion: 21.3.0, moz:processID: 16069, moz:profile: /var/folders/7q/w7jq9f81417..., moz:shutdownTimeout: 60000, moz:useNonSpecCompliantPointerOrigin: false, moz:webdriverClick: true, moz:windowless: false, pageLoadStrategy: normal, platformName: MAC, proxy: Proxy(), se:cdp: ws://127.0.0.1:44883/devtoo..., se:cdpVersion: 85.0, setWindowRect: true, strictFileInteractability: false, timeouts: {implicit: 0, pageLoad: 300000, script: 30000}, unhandledPromptBehavior: dismiss and notify}
Session ID: 7961d3c3-5b37-48a7-8119-694b842bce24">
      <![CDATA[org.openqa.selenium.NoSuchElementException: Unable to locate element: //a[@href='/gp/bestsellers/?ref_=nav_cs_bestsellers']
For documentation on this error, please visit: https://selenium.dev/exceptions/#no_such_element
Build info: version: '4.8.1', revision: '8ebccac989'
System info: os.name: 'Mac OS X', os.arch: 'x86_64', os.version: '12.2.1', java.version: '18.0.1.1'
Driver info: org.openqa.selenium.firefox.FirefoxDriver
Command: [7961d3c3-5b37-48a7-8119-694b842bce24, findElement {using=xpath, value=//a[@href='/gp/bestsellers/?ref_=nav_cs_bestsellers']}]
Capabilities {acceptInsecureCerts: true, browserName: firefox, browserVersion: 112.0.2, moz:accessibilityChecks: false, moz:buildID: 20230424110519, moz:debuggerAddress: 127.0.0.1:44883, moz:geckodriverVersion: 0.32.0, moz:headless: false, moz:platformVersion: 21.3.0, moz:processID: 16069, moz:profile: /var/folders/7q/w7jq9f81417..., moz:shutdownTimeout: 60000, moz:useNonSpecCompliantPointerOrigin: false, moz:webdriverClick: true, moz:windowless: false, pageLoadStrategy: normal, platformName: MAC, proxy: Proxy(), se:cdp: ws://127.0.0.1:44883/devtoo..., se:cdpVersion: 85.0, setWindowRect: true, strictFileInteractability: false, timeouts: {implicit: 0, pageLoad: 300000, script: 30000}, unhandledPromptBehavior: dismiss and notify}
Session ID: 7961d3c3-5b37-48a7-8119-694b842bce24
at org.openqa.selenium.remote.codec.w3c.W3CHttpResponseCodec.createException(W3CHttpResponseCodec.java:200)
at org.openqa.selenium.remote.codec.w3c.W3CHttpResponseCodec.decode(W3CHttpResponseCodec.java:133)
at org.openqa.selenium.remote.codec.w3c.W3CHttpResponseCodec.decode(W3CHttpResponseCodec.java:53)
at org.openqa.selenium.remote.HttpCommandExecutor.execute(HttpCommandExecutor.java:184)
at org.openqa.selenium.remote.service.DriverCommandExecutor.invokeExecute(DriverCommandExecutor.java:167)
at org.openqa.selenium.remote.service.DriverCommandExecutor.execute(DriverCommandExecutor.java:142)
at org.openqa.selenium.remote.RemoteWebDriver.execute(RemoteWebDriver.java:543)
at org.openqa.selenium.remote.ElementLocation$ElementFinder$2.findElement(ElementLocation.java:162)
at org.openqa.selenium.remote.ElementLocation.findElement(ElementLocation.java:60)
at org.openqa.selenium.remote.RemoteWebDriver.findElement(RemoteWebDriver.java:352)
at org.openqa.selenium.remote.RemoteWebDriver.findElement(RemoteWebDriver.java:344)
at org.openqa.selenium.support.pagefactory.DefaultElementLocator.findElement(DefaultElementLocator.java:70)
at org.openqa.selenium.support.pagefactory.internal.LocatingElementHandler.invoke(LocatingElementHandler.java:39)
at jdk.proxy2/jdk.proxy2.$Proxy19.click(Unknown Source)
at Qa.com.WebPages.Homepageclass.ClickOnBestSeller(Homepageclass.java:72)
at Qa.TestCases.loginpageTest.ClickingOnBestSeller(loginpageTest.java:49)
at java.base/java.util.ArrayList.forEach(ArrayList.java:1511)
... Removed 28 stack frames]]>
    </failure>
  </testcase> <!-- ClickingOnBestSeller -->
</testsuite> <!-- Test -->
